<?xml version="1.0" encoding="UTF-8"?>
<!-- Generated by org.testng.reporters.JUnitXMLReporter -->
<testsuite hostname="LAPTOP-JAC828HV" ignored="0" name="Default test" tests="4" failures="0" timestamp="20 Jul 2021 08:10:21 GMT" time="112.863" errors="0">
  <testcase name="LoginTest" time="44.638" classname="Test.Login"/>
  <testcase name="LoginTest1" time="23.425" classname="Test.Login"/>
  <testcase name="LoginTest2" time="22.788" classname="Test.Login"/>
  <testcase name="LoginTest3" time="21.808" classname="Test.Login"/>
</testsuite> <!-- Default test -->
