<?xml version="1.0" encoding="UTF-8"?>
<testng-results skipped="0" failed="0" ignored="0" total="4" passed="4">
  <reporter-output>
  </reporter-output>
  <suite name="Default suite" duration-ms="112863" started-at="2021-07-20T08:08:28Z" finished-at="2021-07-20T08:10:21Z">
    <groups>
    </groups>
    <test name="Default test" duration-ms="112863" started-at="2021-07-20T08:08:28Z" finished-at="2021-07-20T08:10:21Z">
      <class name="Test.Login">
        <test-method status="PASS" signature="LoginTest()[pri:0, instance:Test.Login@cb5822]" name="LoginTest" duration-ms="44638" started-at="2021-07-20T08:08:28Z" finished-at="2021-07-20T08:09:13Z">
          <reporter-output>
          </reporter-output>
        </test-method> <!-- LoginTest -->
        <test-method status="PASS" signature="LoginTest1()[pri:0, instance:Test.Login@cb5822]" name="LoginTest1" duration-ms="23425" started-at="2021-07-20T08:09:13Z" finished-at="2021-07-20T08:09:36Z">
          <reporter-output>
          </reporter-output>
        </test-method> <!-- LoginTest1 -->
        <test-method status="PASS" signature="LoginTest2()[pri:0, instance:Test.Login@cb5822]" name="LoginTest2" duration-ms="22788" started-at="2021-07-20T08:09:36Z" finished-at="2021-07-20T08:09:59Z">
          <reporter-output>
          </reporter-output>
        </test-method> <!-- LoginTest2 -->
        <test-method status="PASS" signature="LoginTest3()[pri:0, instance:Test.Login@cb5822]" name="LoginTest3" duration-ms="21808" started-at="2021-07-20T08:09:59Z" finished-at="2021-07-20T08:10:21Z">
          <reporter-output>
          </reporter-output>
        </test-method> <!-- LoginTest3 -->
      </class> <!-- Test.Login -->
    </test> <!-- Default test -->
  </suite> <!-- Default suite -->
</testng-results>
